<?xml version="1.0" encoding="UTF-8"?>
<!-- Generated by org.testng.reporters.JUnitXMLReporter -->
<testsuite ignored="0" hostname="DESKTOP-3PSU57G" failures="0" tests="3" name="Default test" time="0.993" errors="0" timestamp="2026-09-11T18:54:07 IST">
  <testcase classname="selenium_concepts.Data_Driven" name="testCase" time="0.009"/>
  <testcase classname="selenium_concepts.Data_Driven" name="testCase" time="0.002"/>
  <testcase classname="selenium_concepts.Data_Driven" name="testCase" time="0.001"/>
</testsuite> <!-- Default test -->
