<?xml version="1.0" encoding="UTF-8"?>
<!-- Generated by org.testng.reporters.JUnitXMLReporter -->
<testsuite ignored="0" hostname="DESKTOP-3PSU57G" failures="1" tests="3" name="Test" time="0.081" errors="0" timestamp="2026-09-12T21:21:34 IST">
  <testcase classname="framework.concepts.TestCase" name="sub" time="0.013">
    <failure type="java.lang.AssertionError" message="Intentional failure to prevent multiplication">
      <![CDATA[java.lang.AssertionError: Intentional failure to prevent multiplication
at framework.concepts.TestCase.sub(TestCase.java:19)
at java.base/java.util.ArrayList.forEach(ArrayList.java:1596)
... Removed 26 stack frames]]>
    </failure>
  </testcase> <!-- sub -->
  <testcase classname="framework.concepts.TestCase" name="add" time="0.001"/>
  <testcase classname="framework.concepts.TestCase" name="multiply" time="0.0">
    <skipped/>
  </testcase> <!-- multiply -->
</testsuite> <!-- Test -->
