<?xml version="1.0" encoding="UTF-8"?>
<!-- Generated by org.testng.reporters.JUnitReportReporter -->
<testsuite hostname="DESKTOP-3PSU57G" failures="0" tests="3" name="selenium_concepts.Data_Driven" time="0.033" errors="0" timestamp="2026-09-12T16:30:48 IST" skipped="0">
  <testcase classname="selenium_concepts.Data_Driven" name="testCase" time="0.002"/>
  <testcase classname="selenium_concepts.Data_Driven" name="testCase" time="0.030"/>
  <testcase classname="selenium_concepts.Data_Driven" name="testCase" time="0.001"/>
</testsuite> <!-- selenium_concepts.Data_Driven -->
